7월 23, 2020 4:49:13 오후 application.server.log.LogController logging
정보: 임시데이터 입니다.
7월 23, 2020 4:49:13 오후 application.server.log.LogController logging
정보: 임시데이터 입니다.
7월 23, 2020 4:49:13 오후 application.server.log.LogController logging
정보: 임시데이터 입니다.
7월 23, 2020 4:49:13 오후 application.server.log.LogController logging
정보: 임시데이터 입니다.
7월 23, 2020 4:49:13 오후 application.server.log.LogController logging
정보: 임시데이터 입니다.
7월 23, 2020 4:49:13 오후 application.server.log.LogController logging
정보: 임시데이터 입니다.
7월 23, 2020 4:49:13 오후 application.server.log.LogController logging
정보: 임시데이터 입니다.
7월 23, 2020 4:49:13 오후 application.server.log.LogController logging
정보: 임시데이터 입니다.
7월 23, 2020 4:49:13 오후 application.server.log.LogController logging
정보: 임시데이터 입니다.
7월 23, 2020 4:49:14 오후 application.server.log.LogController logging
정보: 임시데이터 입니다.
7월 23, 2020 4:49:14 오후 application.server.log.LogController logging
정보: 임시데이터 입니다.
7월 23, 2020 4:49:14 오후 application.server.log.LogController logging
정보: 임시데이터 입니다.
7월 23, 2020 4:49:14 오후 application.server.log.LogController logging
정보: 임시데이터 입니다.
7월 23, 2020 4:49:14 오후 application.server.log.LogController logging
정보: 임시데이터 입니다.
7월 23, 2020 4:49:14 오후 application.server.log.LogController logging
정보: 임시데이터 입니다.
7월 23, 2020 4:49:14 오후 application.server.log.LogController logging
정보: 임시데이터 입니다.
7월 23, 2020 4:49:14 오후 application.server.log.LogController logging
정보: 임시데이터 입니다.
7월 23, 2020 4:49:14 오후 application.server.log.LogController logging
정보: 임시데이터 입니다.
7월 23, 2020 4:49:15 오후 application.server.log.LogController logging
정보: 임시데이터 입니다.
7월 23, 2020 4:49:15 오후 application.server.log.LogController logging
정보: 임시데이터 입니다.
7월 23, 2020 4:49:15 오후 application.server.log.LogController logging
정보: 임시데이터 입니다.
7월 23, 2020 4:52:25 오후 application.server.log.LogController logging
정보: 임시데이터 입니다.
7월 23, 2020 4:52:25 오후 application.server.log.LogController logging
정보: 임시데이터 입니다.
7월 23, 2020 4:52:25 오후 application.server.log.LogController logging
정보: 임시데이터 입니다.
7월 23, 2020 4:52:25 오후 application.server.log.LogController logging
정보: 임시데이터 입니다.
7월 23, 2020 4:52:25 오후 application.server.log.LogController logging
정보: 임시데이터 입니다.
7월 23, 2020 4:52:25 오후 application.server.log.LogController logging
정보: 임시데이터 입니다.
7월 23, 2020 4:52:25 오후 application.server.log.LogController logging
정보: 임시데이터 입니다.
7월 23, 2020 4:52:25 오후 application.server.log.LogController logging
정보: 임시데이터 입니다.
7월 23, 2020 4:52:25 오후 application.server.log.LogController logging
정보: 임시데이터 입니다.
7월 23, 2020 4:52:26 오후 application.server.log.LogController logging
정보: 임시데이터 입니다.
7월 23, 2020 4:52:26 오후 application.server.log.LogController logging
정보: 임시데이터 입니다.
7월 23, 2020 4:52:26 오후 application.server.log.LogController logging
정보: 임시데이터 입니다.
7월 23, 2020 4:52:26 오후 application.server.log.LogController logging
정보: 임시데이터 입니다.
7월 23, 2020 4:52:26 오후 application.server.log.LogController logging
정보: 임시데이터 입니다.
7월 23, 2020 4:52:26 오후 application.server.log.LogController logging
정보: 임시데이터 입니다.
7월 23, 2020 4:52:26 오후 application.server.log.LogController logging
정보: 임시데이터 입니다.
7월 23, 2020 4:52:26 오후 application.server.log.LogController logging
정보: 임시데이터 입니다.
7월 23, 2020 4:52:26 오후 application.server.log.LogController logging
정보: 임시데이터 입니다.
7월 23, 2020 4:52:27 오후 application.server.log.LogController logging
정보: 임시데이터 입니다.
7월 23, 2020 4:52:27 오후 application.server.log.LogController logging
정보: 임시데이터 입니다.
7월 23, 2020 4:52:27 오후 application.server.log.LogController logging
정보: 임시데이터 입니다.
7월 23, 2020 4:52:46 오후 application.server.log.LogController logging
정보: 임시데이터 입니다.
7월 23, 2020 4:52:46 오후 application.server.log.LogController logging
정보: 임시데이터 입니다.
7월 23, 2020 4:52:46 오후 application.server.log.LogController logging
정보: 임시데이터 입니다.
7월 23, 2020 4:52:46 오후 application.server.log.LogController logging
정보: 임시데이터 입니다.
7월 23, 2020 4:52:46 오후 application.server.log.LogController logging
정보: 임시데이터 입니다.
7월 23, 2020 4:52:46 오후 application.server.log.LogController logging
정보: 임시데이터 입니다.
7월 23, 2020 4:52:47 오후 application.server.log.LogController logging
정보: 임시데이터 입니다.
7월 23, 2020 4:52:47 오후 application.server.log.LogController logging
정보: 임시데이터 입니다.
7월 23, 2020 4:52:47 오후 application.server.log.LogController logging
정보: 임시데이터 입니다.
7월 23, 2020 4:52:47 오후 application.server.log.LogController logging
정보: 임시데이터 입니다.
7월 23, 2020 4:52:47 오후 application.server.log.LogController logging
정보: 임시데이터 입니다.
7월 23, 2020 4:52:47 오후 application.server.log.LogController logging
정보: 임시데이터 입니다.
7월 23, 2020 4:52:47 오후 application.server.log.LogController logging
정보: 임시데이터 입니다.
7월 23, 2020 4:52:47 오후 application.server.log.LogController logging
정보: 임시데이터 입니다.
7월 23, 2020 4:52:47 오후 application.server.log.LogController logging
정보: 임시데이터 입니다.
7월 23, 2020 4:52:47 오후 application.server.log.LogController logging
정보: 임시데이터 입니다.
7월 23, 2020 4:52:47 오후 application.server.log.LogController logging
정보: 임시데이터 입니다.
7월 23, 2020 4:52:47 오후 application.server.log.LogController logging
정보: 임시데이터 입니다.
7월 23, 2020 4:52:48 오후 application.server.log.LogController logging
정보: 임시데이터 입니다.
7월 23, 2020 4:52:48 오후 application.server.log.LogController logging
정보: 임시데이터 입니다.
7월 23, 2020 4:52:48 오후 application.server.log.LogController logging
정보: 임시데이터 입니다.
7월 23, 2020 4:53:13 오후 application.server.log.LogController logging
정보: 임시데이터 입니다.
7월 23, 2020 4:53:13 오후 application.server.log.LogController logging
정보: 임시데이터 입니다.
7월 23, 2020 4:53:13 오후 application.server.log.LogController logging
정보: 임시데이터 입니다.
7월 23, 2020 4:53:13 오후 application.server.log.LogController logging
정보: 임시데이터 입니다.
7월 23, 2020 4:53:13 오후 application.server.log.LogController logging
정보: 임시데이터 입니다.
7월 23, 2020 4:53:13 오후 application.server.log.LogController logging
정보: 임시데이터 입니다.
7월 23, 2020 4:53:14 오후 application.server.log.LogController logging
정보: 임시데이터 입니다.
7월 23, 2020 4:53:14 오후 application.server.log.LogController logging
정보: 임시데이터 입니다.
7월 23, 2020 4:53:14 오후 application.server.log.LogController logging
정보: 임시데이터 입니다.
7월 23, 2020 4:53:14 오후 application.server.log.LogController logging
정보: 임시데이터 입니다.
7월 23, 2020 4:53:14 오후 application.server.log.LogController logging
정보: 임시데이터 입니다.
7월 23, 2020 4:53:14 오후 application.server.log.LogController logging
정보: 임시데이터 입니다.
7월 23, 2020 4:53:14 오후 application.server.log.LogController logging
정보: 임시데이터 입니다.
7월 23, 2020 4:53:14 오후 application.server.log.LogController logging
정보: 임시데이터 입니다.
7월 23, 2020 4:53:14 오후 application.server.log.LogController logging
정보: 임시데이터 입니다.
7월 23, 2020 4:53:15 오후 application.server.log.LogController logging
정보: 임시데이터 입니다.
7월 23, 2020 4:53:15 오후 application.server.log.LogController logging
정보: 임시데이터 입니다.
7월 23, 2020 4:53:15 오후 application.server.log.LogController logging
정보: 임시데이터 입니다.
7월 23, 2020 4:53:15 오후 application.server.log.LogController logging
정보: 임시데이터 입니다.
7월 23, 2020 4:53:15 오후 application.server.log.LogController logging
정보: 임시데이터 입니다.
7월 23, 2020 4:53:15 오후 application.server.log.LogController logging
정보: 임시데이터 입니다.
7월 23, 2020 4:54:30 오후 application.server.log.LogController logging
정보: 임시데이터 입니다.
7월 23, 2020 4:54:30 오후 application.server.log.LogController logging
정보: 임시데이터 입니다.
7월 23, 2020 4:54:30 오후 application.server.log.LogController logging
정보: 임시데이터 입니다.
7월 23, 2020 4:54:30 오후 application.server.log.LogController logging
정보: 임시데이터 입니다.
7월 23, 2020 4:54:30 오후 application.server.log.LogController logging
정보: 임시데이터 입니다.
7월 23, 2020 4:54:30 오후 application.server.log.LogController logging
정보: 임시데이터 입니다.
7월 23, 2020 4:54:30 오후 application.server.log.LogController logging
정보: 임시데이터 입니다.
7월 23, 2020 4:54:30 오후 application.server.log.LogController logging
정보: 임시데이터 입니다.
7월 23, 2020 4:54:30 오후 application.server.log.LogController logging
정보: 임시데이터 입니다.
7월 23, 2020 4:54:31 오후 application.server.log.LogController logging
정보: 임시데이터 입니다.
7월 23, 2020 4:54:31 오후 application.server.log.LogController logging
정보: 임시데이터 입니다.
7월 23, 2020 4:54:31 오후 application.server.log.LogController logging
정보: 임시데이터 입니다.
7월 23, 2020 4:54:31 오후 application.server.log.LogController logging
정보: 임시데이터 입니다.
7월 23, 2020 4:54:31 오후 application.server.log.LogController logging
정보: 임시데이터 입니다.
7월 23, 2020 4:54:31 오후 application.server.log.LogController logging
정보: 임시데이터 입니다.
7월 23, 2020 4:54:31 오후 application.server.log.LogController logging
정보: 임시데이터 입니다.
7월 23, 2020 4:54:31 오후 application.server.log.LogController logging
정보: 임시데이터 입니다.
7월 23, 2020 4:54:31 오후 application.server.log.LogController logging
정보: 임시데이터 입니다.
7월 23, 2020 4:54:32 오후 application.server.log.LogController logging
정보: 임시데이터 입니다.
7월 23, 2020 4:54:32 오후 application.server.log.LogController logging
정보: 임시데이터 입니다.
7월 23, 2020 4:54:32 오후 application.server.log.LogController logging
정보: 임시데이터 입니다.
7월 23, 2020 4:54:39 오후 application.server.log.LogController logging
정보: 임시데이터 입니다.
7월 23, 2020 4:54:39 오후 application.server.log.LogController logging
정보: 임시데이터 입니다.
7월 23, 2020 4:54:39 오후 application.server.log.LogController logging
정보: 임시데이터 입니다.
7월 23, 2020 4:54:40 오후 application.server.log.LogController logging
정보: 임시데이터 입니다.
7월 23, 2020 4:54:40 오후 application.server.log.LogController logging
정보: 임시데이터 입니다.
7월 23, 2020 4:54:40 오후 application.server.log.LogController logging
정보: 임시데이터 입니다.
7월 23, 2020 4:54:40 오후 application.server.log.LogController logging
정보: 임시데이터 입니다.
7월 23, 2020 4:54:40 오후 application.server.log.LogController logging
정보: 임시데이터 입니다.
7월 23, 2020 4:54:40 오후 application.server.log.LogController logging
정보: 임시데이터 입니다.
7월 23, 2020 4:54:40 오후 application.server.log.LogController logging
정보: 임시데이터 입니다.
7월 23, 2020 4:54:40 오후 application.server.log.LogController logging
정보: 임시데이터 입니다.
7월 23, 2020 4:54:40 오후 application.server.log.LogController logging
정보: 임시데이터 입니다.
7월 23, 2020 4:54:41 오후 application.server.log.LogController logging
정보: 임시데이터 입니다.
7월 23, 2020 4:54:41 오후 application.server.log.LogController logging
정보: 임시데이터 입니다.
7월 23, 2020 4:54:41 오후 application.server.log.LogController logging
정보: 임시데이터 입니다.
7월 23, 2020 4:54:41 오후 application.server.log.LogController logging
정보: 임시데이터 입니다.
7월 23, 2020 4:54:41 오후 application.server.log.LogController logging
정보: 임시데이터 입니다.
7월 23, 2020 4:54:41 오후 application.server.log.LogController logging
정보: 임시데이터 입니다.
7월 23, 2020 4:54:41 오후 application.server.log.LogController logging
정보: 임시데이터 입니다.
7월 23, 2020 4:54:41 오후 application.server.log.LogController logging
정보: 임시데이터 입니다.
7월 23, 2020 4:54:41 오후 application.server.log.LogController logging
정보: 임시데이터 입니다.
7월 23, 2020 4:55:11 오후 application.server.log.LogController logging
정보: 임시데이터 입니다.
7월 23, 2020 4:55:11 오후 application.server.log.LogController logging
정보: 임시데이터 입니다.
7월 23, 2020 4:55:11 오후 application.server.log.LogController logging
정보: 임시데이터 입니다.
7월 23, 2020 4:55:11 오후 application.server.log.LogController logging
정보: 임시데이터 입니다.
7월 23, 2020 4:55:11 오후 application.server.log.LogController logging
정보: 임시데이터 입니다.
7월 23, 2020 4:55:11 오후 application.server.log.LogController logging
정보: 임시데이터 입니다.
7월 23, 2020 4:55:11 오후 application.server.log.LogController logging
정보: 임시데이터 입니다.
7월 23, 2020 4:55:11 오후 application.server.log.LogController logging
정보: 임시데이터 입니다.
7월 23, 2020 4:55:11 오후 application.server.log.LogController logging
정보: 임시데이터 입니다.
7월 23, 2020 4:55:11 오후 application.server.log.LogController logging
정보: 임시데이터 입니다.
7월 23, 2020 4:55:11 오후 application.server.log.LogController logging
정보: 임시데이터 입니다.
7월 23, 2020 4:55:11 오후 application.server.log.LogController logging
정보: 임시데이터 입니다.
7월 23, 2020 4:55:12 오후 application.server.log.LogController logging
정보: 임시데이터 입니다.
7월 23, 2020 4:55:12 오후 application.server.log.LogController logging
정보: 임시데이터 입니다.
7월 23, 2020 4:55:12 오후 application.server.log.LogController logging
정보: 임시데이터 입니다.
7월 23, 2020 4:55:12 오후 application.server.log.LogController logging
정보: 임시데이터 입니다.
7월 23, 2020 4:55:12 오후 application.server.log.LogController logging
정보: 임시데이터 입니다.
7월 23, 2020 4:55:12 오후 application.server.log.LogController logging
정보: 임시데이터 입니다.
7월 23, 2020 4:55:12 오후 application.server.log.LogController logging
정보: 임시데이터 입니다.
7월 23, 2020 4:55:12 오후 application.server.log.LogController logging
정보: 임시데이터 입니다.
7월 23, 2020 4:55:12 오후 application.server.log.LogController logging
정보: 임시데이터 입니다.
7월 23, 2020 4:56:13 오후 application.server.log.LogController logging
정보: 임시데이터 입니다.
7월 23, 2020 4:56:13 오후 application.server.log.LogController logging
정보: 임시데이터 입니다.
7월 23, 2020 4:56:13 오후 application.server.log.LogController logging
정보: 임시데이터 입니다.
7월 23, 2020 4:56:14 오후 application.server.log.LogController logging
정보: 임시데이터 입니다.
7월 23, 2020 4:56:14 오후 application.server.log.LogController logging
정보: 임시데이터 입니다.
7월 23, 2020 4:56:14 오후 application.server.log.LogController logging
정보: 임시데이터 입니다.
7월 23, 2020 4:56:14 오후 application.server.log.LogController logging
정보: 임시데이터 입니다.
7월 23, 2020 4:56:14 오후 application.server.log.LogController logging
정보: 임시데이터 입니다.
7월 23, 2020 4:56:14 오후 application.server.log.LogController logging
정보: 임시데이터 입니다.
7월 23, 2020 4:56:14 오후 application.server.log.LogController logging
정보: 임시데이터 입니다.
7월 23, 2020 4:56:14 오후 application.server.log.LogController logging
정보: 임시데이터 입니다.
7월 23, 2020 4:56:14 오후 application.server.log.LogController logging
정보: 임시데이터 입니다.
7월 23, 2020 4:56:15 오후 application.server.log.LogController logging
정보: 임시데이터 입니다.
7월 23, 2020 4:56:15 오후 application.server.log.LogController logging
정보: 임시데이터 입니다.
7월 23, 2020 4:56:15 오후 application.server.log.LogController logging
정보: 임시데이터 입니다.
7월 23, 2020 4:56:15 오후 application.server.log.LogController logging
정보: 임시데이터 입니다.
7월 23, 2020 4:56:15 오후 application.server.log.LogController logging
정보: 임시데이터 입니다.
7월 23, 2020 4:56:15 오후 application.server.log.LogController logging
정보: 임시데이터 입니다.
7월 23, 2020 4:56:15 오후 application.server.log.LogController logging
정보: 임시데이터 입니다.
7월 23, 2020 4:56:15 오후 application.server.log.LogController logging
정보: 임시데이터 입니다.
7월 23, 2020 4:56:15 오후 application.server.log.LogController logging
정보: 임시데이터 입니다.
7월 23, 2020 4:56:25 오후 application.server.log.LogController logging
정보: 임시데이터 입니다.
7월 23, 2020 4:56:25 오후 application.server.log.LogController logging
정보: 임시데이터 입니다.
7월 23, 2020 4:56:25 오후 application.server.log.LogController logging
정보: 임시데이터 입니다.
7월 23, 2020 4:56:25 오후 application.server.log.LogController logging
정보: 임시데이터 입니다.
7월 23, 2020 4:56:25 오후 application.server.log.LogController logging
정보: 임시데이터 입니다.
7월 23, 2020 4:56:25 오후 application.server.log.LogController logging
정보: 임시데이터 입니다.
7월 23, 2020 4:56:25 오후 application.server.log.LogController logging
정보: 임시데이터 입니다.
7월 23, 2020 4:56:25 오후 application.server.log.LogController logging
정보: 임시데이터 입니다.
7월 23, 2020 4:56:25 오후 application.server.log.LogController logging
정보: 임시데이터 입니다.
7월 23, 2020 4:56:26 오후 application.server.log.LogController logging
정보: 임시데이터 입니다.
7월 23, 2020 4:56:26 오후 application.server.log.LogController logging
정보: 임시데이터 입니다.
7월 23, 2020 4:56:26 오후 application.server.log.LogController logging
정보: 임시데이터 입니다.
7월 23, 2020 4:56:26 오후 application.server.log.LogController logging
정보: 임시데이터 입니다.
7월 23, 2020 4:56:26 오후 application.server.log.LogController logging
정보: 임시데이터 입니다.
7월 23, 2020 4:56:26 오후 application.server.log.LogController logging
정보: 임시데이터 입니다.
7월 23, 2020 4:56:26 오후 application.server.log.LogController logging
정보: 임시데이터 입니다.
7월 23, 2020 4:56:26 오후 application.server.log.LogController logging
정보: 임시데이터 입니다.
7월 23, 2020 4:56:26 오후 application.server.log.LogController logging
정보: 임시데이터 입니다.
7월 23, 2020 4:56:26 오후 application.server.log.LogController logging
정보: 임시데이터 입니다.
7월 23, 2020 4:56:26 오후 application.server.log.LogController logging
정보: 임시데이터 입니다.
7월 23, 2020 4:56:26 오후 application.server.log.LogController logging
정보: 임시데이터 입니다.
7월 23, 2020 4:56:45 오후 application.server.log.LogController logging
정보: 임시데이터 입니다.
7월 23, 2020 4:56:45 오후 application.server.log.LogController logging
정보: 임시데이터 입니다.
7월 23, 2020 4:56:45 오후 application.server.log.LogController logging
정보: 임시데이터 입니다.
7월 23, 2020 4:56:46 오후 application.server.log.LogController logging
정보: 임시데이터 입니다.
7월 23, 2020 4:56:46 오후 application.server.log.LogController logging
정보: 임시데이터 입니다.
7월 23, 2020 4:56:46 오후 application.server.log.LogController logging
정보: 임시데이터 입니다.
7월 23, 2020 4:56:46 오후 application.server.log.LogController logging
정보: 임시데이터 입니다.
7월 23, 2020 4:56:46 오후 application.server.log.LogController logging
정보: 임시데이터 입니다.
7월 23, 2020 4:56:46 오후 application.server.log.LogController logging
정보: 임시데이터 입니다.
7월 23, 2020 4:56:46 오후 application.server.log.LogController logging
정보: 임시데이터 입니다.
7월 23, 2020 4:56:46 오후 application.server.log.LogController logging
정보: 임시데이터 입니다.
7월 23, 2020 4:56:46 오후 application.server.log.LogController logging
정보: 임시데이터 입니다.
7월 23, 2020 4:56:47 오후 application.server.log.LogController logging
정보: 임시데이터 입니다.
7월 23, 2020 4:56:47 오후 application.server.log.LogController logging
정보: 임시데이터 입니다.
7월 23, 2020 4:56:47 오후 application.server.log.LogController logging
정보: 임시데이터 입니다.
7월 23, 2020 4:56:47 오후 application.server.log.LogController logging
정보: 임시데이터 입니다.
7월 23, 2020 4:56:47 오후 application.server.log.LogController logging
정보: 임시데이터 입니다.
7월 23, 2020 4:56:47 오후 application.server.log.LogController logging
정보: 임시데이터 입니다.
7월 23, 2020 4:56:47 오후 application.server.log.LogController logging
정보: 임시데이터 입니다.
7월 23, 2020 4:56:47 오후 application.server.log.LogController logging
정보: 임시데이터 입니다.
7월 23, 2020 4:56:47 오후 application.server.log.LogController logging
정보: 임시데이터 입니다.
7월 23, 2020 5:01:05 오후 application.server.log.LogController logging
정보: 임시데이터 입니다.
7월 23, 2020 5:01:05 오후 application.server.log.LogController logging
정보: 임시데이터 입니다.
7월 23, 2020 5:01:05 오후 application.server.log.LogController logging
정보: 임시데이터 입니다.
7월 23, 2020 5:01:05 오후 application.server.log.LogController logging
정보: 임시데이터 입니다.
7월 23, 2020 5:01:05 오후 application.server.log.LogController logging
정보: 임시데이터 입니다.
7월 23, 2020 5:01:05 오후 application.server.log.LogController logging
정보: 임시데이터 입니다.
7월 23, 2020 5:01:05 오후 application.server.log.LogController logging
정보: 임시데이터 입니다.
7월 23, 2020 5:01:05 오후 application.server.log.LogController logging
정보: 임시데이터 입니다.
7월 23, 2020 5:01:05 오후 application.server.log.LogController logging
정보: 임시데이터 입니다.
7월 23, 2020 5:01:06 오후 application.server.log.LogController logging
정보: 임시데이터 입니다.
7월 23, 2020 5:01:06 오후 application.server.log.LogController logging
정보: 임시데이터 입니다.
7월 23, 2020 5:01:06 오후 application.server.log.LogController logging
정보: 임시데이터 입니다.
7월 23, 2020 5:01:06 오후 application.server.log.LogController logging
정보: 임시데이터 입니다.
7월 23, 2020 5:01:06 오후 application.server.log.LogController logging
정보: 임시데이터 입니다.
7월 23, 2020 5:01:06 오후 application.server.log.LogController logging
정보: 임시데이터 입니다.
7월 23, 2020 5:01:06 오후 application.server.log.LogController logging
정보: 임시데이터 입니다.
7월 23, 2020 5:01:06 오후 application.server.log.LogController logging
정보: 임시데이터 입니다.
7월 23, 2020 5:01:06 오후 application.server.log.LogController logging
정보: 임시데이터 입니다.
7월 23, 2020 5:01:07 오후 application.server.log.LogController logging
정보: 임시데이터 입니다.
7월 23, 2020 5:01:07 오후 application.server.log.LogController logging
정보: 임시데이터 입니다.
7월 23, 2020 5:01:07 오후 application.server.log.LogController logging
정보: 임시데이터 입니다.
7월 23, 2020 7:29:36 오후 application.server.log.LogController logging
정보: 엑셈입니다
7월 23, 2020 7:29:36 오후 application.server.log.LogController logging
정보: 코딩이 재밌습니다.
7월 23, 2020 7:29:36 오후 application.server.log.LogController logging
정보: 치킨이 먹고싶어요
7월 23, 2020 7:29:36 오후 application.server.log.LogController logging
정보: MFJ데몬팀
7월 23, 2020 7:29:36 오후 application.server.log.LogController logging
정보: 여기는어디? 나는 누구?
7월 23, 2020 7:32:44 오후 application.server.log.LogController logging
정보: 엑셈입니다
7월 23, 2020 7:32:44 오후 application.server.log.LogController logging
정보: 여기는어디? 나는 누구?
7월 23, 2020 7:32:44 오후 application.server.log.LogController logging
정보: 치킨이 먹고싶어요
7월 23, 2020 7:32:44 오후 application.server.log.LogController logging
정보: 코딩이 재밌습니다.
7월 23, 2020 7:32:44 오후 application.server.log.LogController logging
정보: MFJ데몬팀
